<?xml version="1.0" encoding="UTF-8"?>
<testng-results skipped="0" failed="0" total="1" passed="1">
  <reporter-output>
  </reporter-output>
  <suite name="Default suite" duration-ms="37891" started-at="2017-10-30T05:52:45Z" finished-at="2017-10-30T05:53:23Z">
    <groups>
    </groups>
    <test name="Default test" duration-ms="37891" started-at="2017-10-30T05:52:45Z" finished-at="2017-10-30T05:53:23Z">
      <class name="testCases.VerifyLoginPageWithReports">
        <test-method status="PASS" signature="setUP()[pri:0, instance:testCases.VerifyLoginPageWithReports@604ed9f0]" name="setUP" is-config="true" duration-ms="23709" started-at="2017-10-30T01:52:45Z" finished-at="2017-10-30T01:53:09Z">
          <reporter-output>
          </reporter-output>
        </test-method> <!-- setUP -->
        <test-method status="PASS" signature="testLoginPage()[pri:0, instance:testCases.VerifyLoginPageWithReports@604ed9f0]" name="testLoginPage" duration-ms="12557" started-at="2017-10-30T01:53:09Z" finished-at="2017-10-30T01:53:21Z">
          <reporter-output>
          </reporter-output>
        </test-method> <!-- testLoginPage -->
        <test-method status="PASS" signature="tearDown(org.testng.ITestResult)[pri:0, instance:testCases.VerifyLoginPageWithReports@604ed9f0]" name="tearDown" is-config="true" duration-ms="1609" started-at="2017-10-30T01:53:21Z" finished-at="2017-10-30T01:53:23Z">
          <params>
            <param index="0">
              <value>
                <![CDATA[[TestResult name=testLoginPage status=SUCCESS method=VerifyLoginPageWithReports.testLoginPage()[pri:0, instance:testCases.VerifyLoginPageWithReports@604ed9f0] output={null}]]]>
              </value>
            </param>
          </params>
          <reporter-output>
          </reporter-output>
        </test-method> <!-- tearDown -->
      </class> <!-- testCases.VerifyLoginPageWithReports -->
    </test> <!-- Default test -->
  </suite> <!-- Default suite -->
</testng-results>
